This file contains any messages produced by compilers while
running configure, to aid debugging if configure makes a mistake.

It was created by mdds configure 0.7.1, which was
generated by GNU Autoconf 2.69.  Invocation command line was

  $ ./configure 

## --------- ##
## Platform. ##
## --------- ##

hostname = ns2
uname -m = i686
uname -r = 3.4.9-x86-smp
uname -s = Linux
uname -v = #1 SMP PREEMPT Sat Aug 18 16:18:05 SAST 2012

/usr/bin/uname -p = unknown
/bin/uname -X     = unknown

/bin/arch              = i686
/usr/bin/arch -k       = unknown
/usr/convex/getsysinfo = unknown
/usr/bin/hostinfo      = unknown
/bin/machine           = unknown
/usr/bin/oslevel       = unknown
/bin/universe          = unknown

PATH: /usr/lib/jvm/jdk-1.7.0_09//bin
PATH: /usr/local/sbin
PATH: /usr/sbin
PATH: /sbin
PATH: /usr/local/bin
PATH: /usr/bin
PATH: /bin
PATH: /usr/X11R7/bin
PATH: /opt/sophos/bin


## ----------- ##
## Core tests. ##
## ----------- ##

configure:1708: checking hash container type
configure:1710: result: c++0x
configure:1885: creating ./config.status

## ---------------------- ##
## Running config.status. ##
## ---------------------- ##

This file was extended by mdds config.status 0.7.1, which was
generated by GNU Autoconf 2.69.  Invocation command line was

  CONFIG_FILES    = 
  CONFIG_HEADERS  = 
  CONFIG_LINKS    = 
  CONFIG_COMMANDS = 
  $ ./config.status 

on ns2

config.status:719: creating Makefile
configure:3042: creating ./config.status

## ---------------------- ##
## Running config.status. ##
## ---------------------- ##

This file was extended by mdds config.status 0.7.1, which was
generated by GNU Autoconf 2.69.  Invocation command line was

  CONFIG_FILES    = 
  CONFIG_HEADERS  = 
  CONFIG_LINKS    = 
  CONFIG_COMMANDS = 
  $ ./config.status 

on ns2

config.status:720: creating Makefile
config.status:720: creating example/Makefile
configure:4200: creating ./config.status

## ---------------------- ##
## Running config.status. ##
## ---------------------- ##

This file was extended by mdds config.status 0.7.1, which was
generated by GNU Autoconf 2.69.  Invocation command line was

  CONFIG_FILES    = 
  CONFIG_HEADERS  = 
  CONFIG_LINKS    = 
  CONFIG_COMMANDS = 
  $ ./config.status 

on ns2

config.status:721: creating Makefile
config.status:721: creating example/Makefile
config.status:721: creating misc/mdds.spec
configure:5359: creating ./config.status

## ---------------------- ##
## Running config.status. ##
## ---------------------- ##

This file was extended by mdds config.status 0.7.1, which was
generated by GNU Autoconf 2.69.  Invocation command line was

  CONFIG_FILES    = 
  CONFIG_HEADERS  = 
  CONFIG_LINKS    = 
  CONFIG_COMMANDS = 
  $ ./config.status 

on ns2

config.status:722: creating Makefile
config.status:722: creating example/Makefile
config.status:722: creating misc/mdds.spec
config.status:722: creating VERSION

## ---------------- ##
## Cache variables. ##
## ---------------- ##

ac_cv_env_build_alias_set=
ac_cv_env_build_alias_value=
ac_cv_env_host_alias_set=
ac_cv_env_host_alias_value=
ac_cv_env_target_alias_set=
ac_cv_env_target_alias_value=

## ----------------- ##
## Output variables. ##
## ----------------- ##

CPPFLAGS='-Wall -Os -g -pedantic-errors -DDEBUG_NODE_BASE -DUNIT_TEST -std=c++0x'
CPPFLAGS_NODEBUG='-Wall -Os -g -pedantic-errors'
DEFS='-DPACKAGE_NAME=\"mdds\" -DPACKAGE_TARNAME=\"mdds\" -DPACKAGE_VERSION=\"0.7.1\" -DPACKAGE_STRING=\"mdds\ 0.7.1\" -DPACKAGE_BUGREPORT=\"kohei.yoshida@gmail.com\" -DPACKAGE_URL=\"\"'
ECHO_C=''
ECHO_N='-n'
ECHO_T=''
INCDIR='./include'
LIBOBJS=''
LIBS=''
LTLIBOBJS=''
OBJDIR='./obj'
PACKAGE_BUGREPORT='kohei.yoshida@gmail.com'
PACKAGE_NAME='mdds'
PACKAGE_STRING='mdds 0.7.1'
PACKAGE_TARNAME='mdds'
PACKAGE_URL=''
PACKAGE_VERSION='0.7.1'
PATH_SEPARATOR=':'
QUICKCHECKDIR='./quickcheck'
SHELL='/bin/sh'
SRCDIR='./src'
VERSION='0.7.1'
bindir='${exec_prefix}/bin'
build_alias=''
datadir='${datarootdir}'
datarootdir='${prefix}/share'
docdir='${datarootdir}/doc/${PACKAGE_TARNAME}'
dvidir='${docdir}'
exec_prefix='${prefix}'
host_alias=''
htmldir='${docdir}'
includedir='${prefix}/include'
infodir='${datarootdir}/info'
libdir='${exec_prefix}/lib'
libexecdir='${exec_prefix}/libexec'
localedir='${datarootdir}/locale'
localstatedir='${prefix}/var'
mandir='${datarootdir}/man'
oldincludedir='/usr/include'
pdfdir='${docdir}'
prefix='/usr/local'
program_transform_name='s,x,x,'
psdir='${docdir}'
sbindir='${exec_prefix}/sbin'
sharedstatedir='${prefix}/com'
sysconfdir='${prefix}/etc'
target_alias=''

## ----------- ##
## confdefs.h. ##
## ----------- ##

/* confdefs.h */
#define PACKAGE_NAME "mdds"
#define PACKAGE_TARNAME "mdds"
#define PACKAGE_VERSION "0.7.1"
#define PACKAGE_STRING "mdds 0.7.1"
#define PACKAGE_BUGREPORT "kohei.yoshida@gmail.com"
#define PACKAGE_URL ""

configure: exit 0
